[debug] [2022-07-01T14:34:32.528Z] ----------------------------------------------------------------------
[debug] [2022-07-01T14:34:32.540Z] Command:       C:\Program Files\nodejs\node.exe C:\Users\shoez\AppData\Roaming\npm\node_modules\firebase-tools\lib\bin\firebase.js init
[debug] [2022-07-01T14:34:32.542Z] CLI Version:   11.0.1
[debug] [2022-07-01T14:34:32.544Z] Platform:      win32
[debug] [2022-07-01T14:34:32.544Z] Node Version:  v16.13.1
[debug] [2022-07-01T14:34:32.553Z] Time:          Fri Jul 01 2022 16:34:32 GMT+0200 (South Africa Standard Time)
[debug] [2022-07-01T14:34:32.555Z] ----------------------------------------------------------------------
[debug] 
[debug] [2022-07-01T14:34:32.606Z] >>> [apiv2][query] GET https://firebase-public.firebaseio.com/cli.json [none]
[debug] [2022-07-01T14:34:32.758Z] > command requires scopes: ["email","openid","https://www.googleapis.com/auth/cloudplatformprojects.readonly","https://www.googleapis.com/auth/firebase","https://www.googleapis.com/auth/cloud-platform"]
[debug] [2022-07-01T14:34:32.763Z] > authorizing via signed-in user (shoezmojake@gmail.com)
[info] 
     ######## #### ########  ######## ########     ###     ######  ########
     ##        ##  ##     ## ##       ##     ##  ##   ##  ##       ##
     ######    ##  ########  ######   ########  #########  ######  ######
     ##        ##  ##    ##  ##       ##     ## ##     ##       ## ##
     ##       #### ##     ## ######## ########  ##     ##  ######  ########

You're about to initialize a Firebase project in this directory:

  C:\Users\shoez\Documents\projects\carousel

[debug] [2022-07-01T14:34:33.685Z] <<< [apiv2][status] GET https://firebase-public.firebaseio.com/cli.json 200
[debug] [2022-07-01T14:34:33.685Z] <<< [apiv2][body] GET https://firebase-public.firebaseio.com/cli.json {"cloudBuildErrorAfter":1594252800000,"cloudBuildWarnAfter":1590019200000,"defaultNode10After":1594252800000,"minVersion":"3.0.5","node8DeploysDisabledAfter":1613390400000,"node8RuntimeDisabledAfter":1615809600000,"node8WarnAfter":1600128000000}
